15:06:45.957 [main] INFO  org.testng.internal.Utils - [TestNG] Running:
  C:\Users\Prasanth\eclipse-workspace\opencart\testng.xml

15:06:46.995 [main] WARN  io.github.bonigarcia.wdm.versions.VersionDetector - Exception reading https://msedgedriver.azureedge.net/LATEST_RELEASE_139_WINDOWS to get latest version of msedgedriver (No such host is known (msedgedriver.azureedge.net))
15:06:46.999 [main] WARN  io.github.bonigarcia.wdm.versions.VersionDetector - Exception reading https://msedgedriver.azureedge.net/LATEST_STABLE to get latest version of msedgedriver (msedgedriver.azureedge.net)
15:06:47.000 [main] WARN  io.github.bonigarcia.wdm.versions.VersionDetector - Exception reading https://msedgedriver.azureedge.net/LATEST_STABLE to get latest version of msedgedriver (msedgedriver.azureedge.net)
15:06:47.005 [main] INFO  io.github.bonigarcia.wdm.WebDriverManager - Reading https://msedgedriver.azureedge.net/?restype=container&comp=list to seek msedgedriver
15:06:47.014 [main] WARN  io.github.bonigarcia.wdm.WebDriverManager - There was an error managing msedgedriver (latest version) (java.net.UnknownHostException: msedgedriver.azureedge.net) ... trying again using latest driver stored in cache
15:06:47.020 [main] WARN  io.github.bonigarcia.wdm.versions.VersionDetector - Exception reading https://msedgedriver.azureedge.net/LATEST_STABLE to get latest version of msedgedriver (msedgedriver.azureedge.net)
15:06:47.020 [main] WARN  io.github.bonigarcia.wdm.versions.VersionDetector - Exception reading https://msedgedriver.azureedge.net/LATEST_STABLE to get latest version of msedgedriver (msedgedriver.azureedge.net)
15:06:47.023 [main] INFO  io.github.bonigarcia.wdm.WebDriverManager - Reading https://msedgedriver.azureedge.net/?restype=container&comp=list to seek msedgedriver
15:06:47.030 [main] ERROR io.github.bonigarcia.wdm.WebDriverManager - There was an error managing msedgedriver (latest version) (java.net.UnknownHostException: msedgedriver.azureedge.net)
io.github.bonigarcia.wdm.config.WebDriverManagerException: java.net.UnknownHostException: msedgedriver.azureedge.net
	at io.github.bonigarcia.wdm.WebDriverManager.getDriversFromXml(WebDriverManager.java:1588) ~[webdrivermanager-5.9.2.jar:?]
	at io.github.bonigarcia.wdm.managers.EdgeDriverManager.getDriverUrls(EdgeDriverManager.java:115) ~[webdrivermanager-5.9.2.jar:?]
	at io.github.bonigarcia.wdm.WebDriverManager.createUrlHandler(WebDriverManager.java:1442) ~[webdrivermanager-5.9.2.jar:?]
	at io.github.bonigarcia.wdm.WebDriverManager.download(WebDriverManager.java:1268) ~[webdrivermanager-5.9.2.jar:?]
	at io.github.bonigarcia.wdm.WebDriverManager.manage(WebDriverManager.java:1184) ~[webdrivermanager-5.9.2.jar:?]
	at io.github.bonigarcia.wdm.WebDriverManager.fallback(WebDriverManager.java:1437) ~[webdrivermanager-5.9.2.jar:?]
	at io.github.bonigarcia.wdm.WebDriverManager.handleException(WebDriverManager.java:1415) ~[webdrivermanager-5.9.2.jar:?]
	at io.github.bonigarcia.wdm.WebDriverManager.manage(WebDriverManager.java:1190) ~[webdrivermanager-5.9.2.jar:?]
	at io.github.bonigarcia.wdm.WebDriverManager.setup(WebDriverManager.java:427) ~[webdrivermanager-5.9.2.jar:?]
	at testBase.BaseClass.setUp(BaseClass.java:34) ~[test-classes/:?]
	at java.base/jdk.internal.reflect.DirectMethodHandleAccessor.invoke(DirectMethodHandleAccessor.java:103) ~[?:?]
	at java.base/java.lang.reflect.Method.invoke(Method.java:580) ~[?:?]
	at org.testng.internal.invokers.MethodInvocationHelper.invokeMethod(MethodInvocationHelper.java:141) ~[testng-7.10.2.jar:7.10.2]
	at org.testng.internal.invokers.MethodInvocationHelper.invokeMethodConsideringTimeout(MethodInvocationHelper.java:71) ~[testng-7.10.2.jar:7.10.2]
	at org.testng.internal.invokers.ConfigInvoker.invokeConfigurationMethod(ConfigInvoker.java:400) ~[testng-7.10.2.jar:7.10.2]
	at org.testng.internal.invokers.ConfigInvoker.invokeConfigurations(ConfigInvoker.java:333) ~[testng-7.10.2.jar:7.10.2]
	at org.testng.internal.invokers.TestMethodWorker.invokeBeforeClassMethods(TestMethodWorker.java:188) ~[testng-7.10.2.jar:7.10.2]
	at org.testng.internal.invokers.TestMethodWorker.run(TestMethodWorker.java:128) ~[testng-7.10.2.jar:7.10.2]
	at java.base/java.util.ArrayList.forEach(ArrayList.java:1596) [?:?]
	at org.testng.TestRunner.privateRun(TestRunner.java:739) [testng-7.10.2.jar:7.10.2]
	at org.testng.TestRunner.run(TestRunner.java:614) [testng-7.10.2.jar:7.10.2]
	at org.testng.SuiteRunner.runTest(SuiteRunner.java:421) [testng-7.10.2.jar:7.10.2]
	at org.testng.SuiteRunner.runSequentially(SuiteRunner.java:413) [testng-7.10.2.jar:7.10.2]
	at org.testng.SuiteRunner.privateRun(SuiteRunner.java:373) [testng-7.10.2.jar:7.10.2]
	at org.testng.SuiteRunner.run(SuiteRunner.java:312) [testng-7.10.2.jar:7.10.2]
	at org.testng.SuiteRunnerWorker.runSuite(SuiteRunnerWorker.java:52) [testng-7.10.2.jar:7.10.2]
	at org.testng.SuiteRunnerWorker.run(SuiteRunnerWorker.java:95) [testng-7.10.2.jar:7.10.2]
	at org.testng.TestNG.runSuitesSequentially(TestNG.java:1274) [testng-7.10.2.jar:7.10.2]
	at org.testng.TestNG.runSuitesLocally(TestNG.java:1208) [testng-7.10.2.jar:7.10.2]
	at org.testng.TestNG.runSuites(TestNG.java:1112) [testng-7.10.2.jar:7.10.2]
	at org.testng.TestNG.run(TestNG.java:1079) [testng-7.10.2.jar:7.10.2]
	at org.testng.remote.AbstractRemoteTestNG.run(AbstractRemoteTestNG.java:115) [testng-remote.jar:?]
	at org.testng.remote.RemoteTestNG.initAndRun(RemoteTestNG.java:293) [testng-remote.jar:?]
	at org.testng.remote.RemoteTestNG.main(RemoteTestNG.java:91) [testng-remote.jar:?]
Caused by: java.net.UnknownHostException: msedgedriver.azureedge.net
	at java.base/java.net.InetAddress$CachedLookup.get(InetAddress.java:988) ~[?:?]
	at java.base/java.net.InetAddress.getAllByName0(InetAddress.java:1818) ~[?:?]
	at java.base/java.net.InetAddress.getAllByName(InetAddress.java:1688) ~[?:?]
	at org.apache.hc.client5.http.SystemDefaultDnsResolver.resolve(SystemDefaultDnsResolver.java:43) ~[httpclient5-5.2.1.jar:5.2.1]
	at org.apache.hc.client5.http.impl.io.DefaultHttpClientConnectionOperator.connect(DefaultHttpClientConnectionOperator.java:141) ~[httpclient5-5.2.1.jar:5.2.1]
	at org.apache.hc.client5.http.impl.io.PoolingHttpClientConnectionManager.connect(PoolingHttpClientConnectionManager.java:447) ~[httpclient5-5.2.1.jar:5.2.1]
	at org.apache.hc.client5.http.impl.classic.InternalExecRuntime.connectEndpoint(InternalExecRuntime.java:162) ~[httpclient5-5.2.1.jar:5.2.1]
	at org.apache.hc.client5.http.impl.classic.InternalExecRuntime.connectEndpoint(InternalExecRuntime.java:172) ~[httpclient5-5.2.1.jar:5.2.1]
	at org.apache.hc.client5.http.impl.classic.ConnectExec.execute(ConnectExec.java:142) ~[httpclient5-5.2.1.jar:5.2.1]
	at org.apache.hc.client5.http.impl.classic.ExecChainElement.execute(ExecChainElement.java:51) ~[httpclient5-5.2.1.jar:5.2.1]
	at org.apache.hc.client5.http.impl.classic.ProtocolExec.execute(ProtocolExec.java:192) ~[httpclient5-5.2.1.jar:5.2.1]
	at org.apache.hc.client5.http.impl.classic.ExecChainElement.execute(ExecChainElement.java:51) ~[httpclient5-5.2.1.jar:5.2.1]
	at org.apache.hc.client5.http.impl.classic.HttpRequestRetryExec.execute(HttpRequestRetryExec.java:96) ~[httpclient5-5.2.1.jar:5.2.1]
	at org.apache.hc.client5.http.impl.classic.ExecChainElement.execute(ExecChainElement.java:51) ~[httpclient5-5.2.1.jar:5.2.1]
	at org.apache.hc.client5.http.impl.classic.ContentCompressionExec.execute(ContentCompressionExec.java:152) ~[httpclient5-5.2.1.jar:5.2.1]
	at org.apache.hc.client5.http.impl.classic.ExecChainElement.execute(ExecChainElement.java:51) ~[httpclient5-5.2.1.jar:5.2.1]
	at org.apache.hc.client5.http.impl.classic.RedirectExec.execute(RedirectExec.java:115) ~[httpclient5-5.2.1.jar:5.2.1]
	at org.apache.hc.client5.http.impl.classic.ExecChainElement.execute(ExecChainElement.java:51) ~[httpclient5-5.2.1.jar:5.2.1]
	at org.apache.hc.client5.http.impl.classic.InternalHttpClient.doExecute(InternalHttpClient.java:170) ~[httpclient5-5.2.1.jar:5.2.1]
	at org.apache.hc.client5.http.impl.classic.CloseableHttpClient.execute(CloseableHttpClient.java:87) ~[httpclient5-5.2.1.jar:5.2.1]
	at org.apache.hc.client5.http.impl.classic.CloseableHttpClient.execute(CloseableHttpClient.java:55) ~[httpclient5-5.2.1.jar:5.2.1]
	at org.apache.hc.client5.http.classic.HttpClient.executeOpen(HttpClient.java:183) ~[httpclient5-5.2.1.jar:5.2.1]
	at io.github.bonigarcia.wdm.online.HttpClient.execute(HttpClient.java:157) ~[webdrivermanager-5.9.2.jar:?]
	at io.github.bonigarcia.wdm.WebDriverManager.getDriversFromXml(WebDriverManager.java:1573) ~[webdrivermanager-5.9.2.jar:?]
	... 33 more
